-------------------------------------------------------------------------------
Test set: TriangleTypeTest
-------------------------------------------------------------------------------
Tests run: 1, Failures: 1, Errors: 0, Skipped: 0, Time elapsed: 0.003 s <<< FAILURE! - in TriangleTypeTest
isEquilateral(TriangleTypeTest)  Time elapsed: 0.003 s  <<< FAILURE!
java.lang.AssertionError: Треугольник не является равносторонним
	at TriangleTypeTest.isEquilateral(TriangleTypeTest.java:25)

